<?xml version="1.0" encoding="UTF-8"?>
<testsuites name="Login_Test_Suite" time="69" tests="2" failures="0" errors="0">
   <testsuite name="Login_Test_Suite" tests="2" failures="0" errors="0" time="69" timestamp="2018-12-13 17:06:54" hostname="MNJUGUNA3 - LTTECH034.mshome.net" id="Test Suites/Login_Test_Suite">
      <properties>
         <property name="deviceName" value=""/>
         <property name="devicePlatform" value=""/>
         <property name="logFolder" value="C:\\Users\\MNJUGUNA3\\Katalon Studio\\Masoko_Automation\\Reports\\Login_Test_Suite\\20181213_170649"/>
         <property name="logFiles" value="C:\\Users\\MNJUGUNA3\\Katalon Studio\\Masoko_Automation\\Reports\\Login_Test_Suite\\20181213_170649\\execution0.log"/>
         <property name="attachments" value=""/>
         <property name="hostName" value="MNJUGUNA3 - LTTECH034.mshome.net"/>
         <property name="os" value="Windows 10 64bit"/>
         <property name="katalonVersion" value="5.7.0.1"/>
         <property name="browser" value="Chrome 70.0.3538.110"/>
         <property name="hostAddress" value="172.28.120.177"/>
         <property name="sessionId" value="3cdd757354d109619fc1c8423db570cb"/>
         <property name="seleniumVersion" value="3.7.1"/>
         <property name="proxyInformation" value="ProxyInformation{proxyOption=MANUAL_CONFIG, proxyServerType=HTTP, password=, proxyServerAddress=172.28.200.72, proxyServerPort=8080}"/>
         <property name="platform" value="Windows 10"/>
      </properties>
      <testcase name="Test Cases/Log_In_positive" classname="Test Cases/Log_In_positive" status="PASSED">
         <system-out><![CDATA[2018-12-13 17:06:55 - [TEST_CASE][PASSED] - Test Cases/Log_In_positive: Test Cases/Log_In_positive

2018-12-13 17:06:56 - [TEST_STEP][PASSED] - openBrowser: Browser is opened with url: 'https://www.masoko.com/'

2018-12-13 17:07:08 - [MESSAGE][PASSED] - Browser is opened with url: 'https://www.masoko.com/'

2018-12-13 17:07:08 - [TEST_STEP][PASSED] - waitForPageLoad: Wait for page load successfully

2018-12-13 17:07:08 - [MESSAGE][PASSED] - Wait for page load successfully

2018-12-13 17:07:08 - [TEST_STEP][PASSED] - click: Object: 'Object Repository/Page_Shop Online in Kenya - Pay Con/p_Sign In' is clicked on

2018-12-13 17:07:14 - [MESSAGE][PASSED] - Object: 'Object Repository/Page_Shop Online in Kenya - Pay Con/p_Sign In' is clicked on

2018-12-13 17:07:14 - [TEST_STEP][PASSED] - setText: Text 'maxwellmunene007@gmail.com' is set on object 'Object Repository/Page_Customer Login/input_If you have an account s'

2018-12-13 17:07:16 - [MESSAGE][PASSED] - Text 'maxwellmunene007@gmail.com' is set on object 'Object Repository/Page_Customer Login/input_If you have an account s'

2018-12-13 17:07:16 - [TEST_STEP][PASSED] - setEncryptedText: Text ****** has been set on object 'Object Repository/Page_Customer Login/input_If you have an account s_1'

2018-12-13 17:07:17 - [MESSAGE][PASSED] - Text ****** has been set on object 'Object Repository/Page_Customer Login/input_If you have an account s_1'

2018-12-13 17:07:17 - [TEST_STEP][PASSED] - setEncryptedText: Text ****** has been set on object 'Object Repository/Page_Customer Login/input_If you have an account s_2'

2018-12-13 17:07:17 - [MESSAGE][PASSED] - Text ****** has been set on object 'Object Repository/Page_Customer Login/input_If you have an account s_2'

2018-12-13 17:07:17 - [TEST_STEP][PASSED] - setEncryptedText: Text ****** has been set on object 'Object Repository/Page_Customer Login/input_If you have an account s_3'

2018-12-13 17:07:18 - [MESSAGE][PASSED] - Text ****** has been set on object 'Object Repository/Page_Customer Login/input_If you have an account s_3'

2018-12-13 17:07:18 - [TEST_STEP][PASSED] - setEncryptedText: Text ****** has been set on object 'Object Repository/Page_Customer Login/input_If you have an account s_4'

2018-12-13 17:07:18 - [MESSAGE][PASSED] - Text ****** has been set on object 'Object Repository/Page_Customer Login/input_If you have an account s_4'

2018-12-13 17:07:18 - [TEST_STEP][PASSED] - setEncryptedText: Text ****** has been set on object 'Object Repository/Page_Customer Login/input_If you have an account s_5'

2018-12-13 17:07:18 - [MESSAGE][PASSED] - Text ****** has been set on object 'Object Repository/Page_Customer Login/input_If you have an account s_5'

2018-12-13 17:07:18 - [TEST_STEP][PASSED] - setEncryptedText: Text ****** has been set on object 'Object Repository/Page_Customer Login/input_If you have an account s_6'

2018-12-13 17:07:19 - [MESSAGE][PASSED] - Text ****** has been set on object 'Object Repository/Page_Customer Login/input_If you have an account s_6'

2018-12-13 17:07:19 - [TEST_STEP][PASSED] - setEncryptedText: Text ****** has been set on object 'Object Repository/Page_Customer Login/input_If you have an account s_7'

2018-12-13 17:07:19 - [MESSAGE][PASSED] - Text ****** has been set on object 'Object Repository/Page_Customer Login/input_If you have an account s_7'

2018-12-13 17:07:19 - [TEST_STEP][PASSED] - setEncryptedText: Text ****** has been set on object 'Object Repository/Page_Customer Login/input_If you have an account s_8'

2018-12-13 17:07:19 - [MESSAGE][PASSED] - Text ****** has been set on object 'Object Repository/Page_Customer Login/input_If you have an account s_8'

2018-12-13 17:07:19 - [TEST_STEP][PASSED] - setEncryptedText: Text ****** has been set on object 'Object Repository/Page_Customer Login/input_If you have an account s_9'

2018-12-13 17:07:19 - [MESSAGE][PASSED] - Text ****** has been set on object 'Object Repository/Page_Customer Login/input_If you have an account s_9'

2018-12-13 17:07:19 - [TEST_STEP][PASSED] - setEncryptedText: Text ****** has been set on object 'Object Repository/Page_Customer Login/input_If you have an account s_10'

2018-12-13 17:07:19 - [MESSAGE][PASSED] - Text ****** has been set on object 'Object Repository/Page_Customer Login/input_If you have an account s_10'

2018-12-13 17:07:19 - [TEST_STEP][PASSED] - setEncryptedText: Text ****** has been set on object 'Object Repository/Page_Customer Login/input_If you have an account s_11'

2018-12-13 17:07:20 - [MESSAGE][PASSED] - Text ****** has been set on object 'Object Repository/Page_Customer Login/input_If you have an account s_11'

2018-12-13 17:07:20 - [TEST_STEP][PASSED] - click: Object: 'Object Repository/Page_Customer Login/button_Sign In' is clicked on

2018-12-13 17:07:24 - [MESSAGE][PASSED] - Object: 'Object Repository/Page_Customer Login/button_Sign In' is clicked on

2018-12-13 17:07:24 - [TEST_STEP][PASSED] - Statement - result = com.kms.katalon.core.webui.keyword.WebUiBuiltInKeywords.getText(com.kms.katalon.core.testobject.ObjectRepository.findTestObject(Object Repository/Page_Shop Online in Kenya - Pay Con/span_Hello maxwell)): Text of object 'Object Repository/Page_Shop Online in Kenya - Pay Con/span_Hello maxwell' is: ''

2018-12-13 17:07:25 - [MESSAGE][PASSED] - Text of object 'Object Repository/Page_Shop Online in Kenya - Pay Con/span_Hello maxwell' is: ''

2018-12-13 17:07:25 - [TEST_STEP][PASSED] - Statement - println(result): null

2018-12-13 17:07:25 - [TEST_STEP][PASSED] - verifyElementPresent: Object 'Object Repository/Page_Shop Online in Kenya - Pay Con/span_Hello maxwell' is present

2018-12-13 17:07:25 - [MESSAGE][PASSED] - Object 'Object Repository/Page_Shop Online in Kenya - Pay Con/span_Hello maxwell' is present]]></system-out>
         <system-err><![CDATA[]]></system-err>
      </testcase>
      <testcase name="Test Cases/Log_In_positive" classname="Test Cases/Log_In_positive" status="PASSED">
         <system-out><![CDATA[2018-12-13 17:07:25 - [TEST_CASE][PASSED] - Test Cases/Log_In_positive: Test Cases/Log_In_positive

2018-12-13 17:07:25 - [TEST_STEP][PASSED] - openBrowser: Browser is opened with url: 'https://www.masoko.com/'

2018-12-13 17:07:25 - [MESSAGE][WARNING] - A browser is already opened. Closing browser and opening a new one

2018-12-13 17:07:36 - [MESSAGE][PASSED] - Browser is opened with url: 'https://www.masoko.com/'

2018-12-13 17:07:36 - [TEST_STEP][PASSED] - waitForPageLoad: Wait for page load successfully

2018-12-13 17:07:36 - [MESSAGE][PASSED] - Wait for page load successfully

2018-12-13 17:07:36 - [TEST_STEP][PASSED] - click: Object: 'Object Repository/Page_Shop Online in Kenya - Pay Con/p_Sign In' is clicked on

2018-12-13 17:07:51 - [MESSAGE][PASSED] - Object: 'Object Repository/Page_Shop Online in Kenya - Pay Con/p_Sign In' is clicked on

2018-12-13 17:07:51 - [TEST_STEP][PASSED] - setText: Text 'mmzender65@gmail.com' is set on object 'Object Repository/Page_Customer Login/input_If you have an account s'

2018-12-13 17:07:53 - [MESSAGE][PASSED] - Text 'mmzender65@gmail.com' is set on object 'Object Repository/Page_Customer Login/input_If you have an account s'

2018-12-13 17:07:53 - [TEST_STEP][PASSED] - setEncryptedText: Text ****** has been set on object 'Object Repository/Page_Customer Login/input_If you have an account s_1'

2018-12-13 17:07:53 - [MESSAGE][PASSED] - Text ****** has been set on object 'Object Repository/Page_Customer Login/input_If you have an account s_1'

2018-12-13 17:07:53 - [TEST_STEP][PASSED] - setEncryptedText: Text ****** has been set on object 'Object Repository/Page_Customer Login/input_If you have an account s_2'

2018-12-13 17:07:53 - [MESSAGE][PASSED] - Text ****** has been set on object 'Object Repository/Page_Customer Login/input_If you have an account s_2'

2018-12-13 17:07:53 - [TEST_STEP][PASSED] - setEncryptedText: Text ****** has been set on object 'Object Repository/Page_Customer Login/input_If you have an account s_3'

2018-12-13 17:07:54 - [MESSAGE][PASSED] - Text ****** has been set on object 'Object Repository/Page_Customer Login/input_If you have an account s_3'

2018-12-13 17:07:54 - [TEST_STEP][PASSED] - setEncryptedText: Text ****** has been set on object 'Object Repository/Page_Customer Login/input_If you have an account s_4'

2018-12-13 17:07:54 - [MESSAGE][PASSED] - Text ****** has been set on object 'Object Repository/Page_Customer Login/input_If you have an account s_4'

2018-12-13 17:07:54 - [TEST_STEP][PASSED] - setEncryptedText: Text ****** has been set on object 'Object Repository/Page_Customer Login/input_If you have an account s_5'

2018-12-13 17:07:54 - [MESSAGE][PASSED] - Text ****** has been set on object 'Object Repository/Page_Customer Login/input_If you have an account s_5'

2018-12-13 17:07:54 - [TEST_STEP][PASSED] - setEncryptedText: Text ****** has been set on object 'Object Repository/Page_Customer Login/input_If you have an account s_6'

2018-12-13 17:07:54 - [MESSAGE][PASSED] - Text ****** has been set on object 'Object Repository/Page_Customer Login/input_If you have an account s_6'

2018-12-13 17:07:54 - [TEST_STEP][PASSED] - setEncryptedText: Text ****** has been set on object 'Object Repository/Page_Customer Login/input_If you have an account s_7'

2018-12-13 17:07:54 - [MESSAGE][PASSED] - Text ****** has been set on object 'Object Repository/Page_Customer Login/input_If you have an account s_7'

2018-12-13 17:07:54 - [TEST_STEP][PASSED] - setEncryptedText: Text ****** has been set on object 'Object Repository/Page_Customer Login/input_If you have an account s_8'

2018-12-13 17:07:54 - [MESSAGE][PASSED] - Text ****** has been set on object 'Object Repository/Page_Customer Login/input_If you have an account s_8'

2018-12-13 17:07:54 - [TEST_STEP][PASSED] - setEncryptedText: Text ****** has been set on object 'Object Repository/Page_Customer Login/input_If you have an account s_9'

2018-12-13 17:07:55 - [MESSAGE][PASSED] - Text ****** has been set on object 'Object Repository/Page_Customer Login/input_If you have an account s_9'

2018-12-13 17:07:55 - [TEST_STEP][PASSED] - setEncryptedText: Text ****** has been set on object 'Object Repository/Page_Customer Login/input_If you have an account s_10'

2018-12-13 17:07:55 - [MESSAGE][PASSED] - Text ****** has been set on object 'Object Repository/Page_Customer Login/input_If you have an account s_10'

2018-12-13 17:07:55 - [TEST_STEP][PASSED] - setEncryptedText: Text ****** has been set on object 'Object Repository/Page_Customer Login/input_If you have an account s_11'

2018-12-13 17:07:55 - [MESSAGE][PASSED] - Text ****** has been set on object 'Object Repository/Page_Customer Login/input_If you have an account s_11'

2018-12-13 17:07:55 - [TEST_STEP][PASSED] - click: Object: 'Object Repository/Page_Customer Login/button_Sign In' is clicked on

2018-12-13 17:08:02 - [MESSAGE][PASSED] - Object: 'Object Repository/Page_Customer Login/button_Sign In' is clicked on

2018-12-13 17:08:02 - [TEST_STEP][PASSED] - Statement - result = com.kms.katalon.core.webui.keyword.WebUiBuiltInKeywords.getText(com.kms.katalon.core.testobject.ObjectRepository.findTestObject(Object Repository/Page_Shop Online in Kenya - Pay Con/span_Hello maxwell)): Text of object 'Object Repository/Page_Shop Online in Kenya - Pay Con/span_Hello maxwell' is: 'REGISTER'

2018-12-13 17:08:03 - [MESSAGE][PASSED] - Text of object 'Object Repository/Page_Shop Online in Kenya - Pay Con/span_Hello maxwell' is: 'REGISTER'

2018-12-13 17:08:03 - [TEST_STEP][PASSED] - Statement - println(result): null

2018-12-13 17:08:03 - [TEST_STEP][PASSED] - verifyElementPresent: Object 'Object Repository/Page_Shop Online in Kenya - Pay Con/span_Hello maxwell' is present

2018-12-13 17:08:03 - [MESSAGE][PASSED] - Object 'Object Repository/Page_Shop Online in Kenya - Pay Con/span_Hello maxwell' is present]]></system-out>
         <system-err><![CDATA[]]></system-err>
      </testcase>
      <system-out><![CDATA[2018-12-13 17:06:54 - [TEST_SUITE][PASSED] - Login_Test_Suite: Test Cases/Log_In_positive]]></system-out>
      <system-err><![CDATA[]]></system-err>
   </testsuite>
</testsuites>
